<?xml version="1.0" encoding="UTF-8"?>
<robot generator="Robot 4.0.3 (Python 3.9.0 on win32)" generated="20210727 22:55:40.008" rpa="false" schemaversion="2">
<suite id="s1" name="Products" source="D:\workflow2\TestSuites\products.robot">
<test id="s1-t1" name="23679_Create a standar product successfully when filling all required fields">
<kw name="Run Keywords" library="BuiltIn" type="SETUP">
<arg>Open the browser and go to the admin page</arg>
<arg>${URL}</arg>
<arg>${BROWSER}</arg>
<arg>AND</arg>
<arg>The user logins to the system</arg>
<arg>${USER_TENANT}</arg>
<arg>${PASSWORD}</arg>
<doc>Executes all the given keywords in a sequence.</doc>
<kw name="Open the browser and go to the admin page" library="Login_Keywords">
<arg>${URL}</arg>
<arg>${BROWSER}</arg>
<kw name="Open Browser" library="SeleniumLibrary">
<arg>${url}</arg>
<arg>${browser.lower()}</arg>
<doc>Opens a new browser instance to the optional ``url``.</doc>
<msg timestamp="20210727 22:55:40.696" level="INFO">Opening browser 'chrome' to base url 'https://pc.s2retail.online/Account/Login'.</msg>
<status status="PASS" starttime="20210727 22:55:40.680" endtime="20210727 22:55:47.057"/>
</kw>
<kw name="Set Selenium Speed" library="SeleniumLibrary">
<arg>${SELENIUM_SPEED}</arg>
<doc>Sets the delay that is waited after each Selenium command.</doc>
<status status="PASS" starttime="20210727 22:55:47.057" endtime="20210727 22:55:47.057"/>
</kw>
<kw name="Maximize Browser Window" library="SeleniumLibrary">
<doc>Maximizes current browser window.</doc>
<status status="PASS" starttime="20210727 22:55:47.057" endtime="20210727 22:55:47.248"/>
</kw>
<kw name="Get Title" library="SeleniumLibrary">
<var>${current_title}</var>
<doc>Returns the title of the current page.</doc>
<msg timestamp="20210727 22:55:47.248" level="INFO">${current_title} = S2Retail</msg>
<status status="PASS" starttime="20210727 22:55:47.248" endtime="20210727 22:55:47.248"/>
</kw>
<kw name="Should Be Equal" library="BuiltIn">
<arg>${TITLE}</arg>
<arg>${current_title}</arg>
<doc>Fails if the given objects are unequal.</doc>
<status status="PASS" starttime="20210727 22:55:47.248" endtime="20210727 22:55:47.248"/>
</kw>
<status status="PASS" starttime="20210727 22:55:40.680" endtime="20210727 22:55:47.248"/>
</kw>
<kw name="The User Logins To the System" library="Login_Keywords">
<arg>${USER_TENANT}</arg>
<arg>${PASSWORD}</arg>
<kw name="Common - Input text to element" library="Common_Keywords">
<arg>${username_locator}</arg>
<arg>${username}</arg>
<doc>Types the given text into the text field identified by locator.</doc>
<kw name="Wait Until Element Is Visible" library="SeleniumLibrary">
<arg>${locator}</arg>
<arg>${TIMEOUT}</arg>
<doc>Waits until the element ``locator`` is visible.</doc>
<status status="PASS" starttime="20210727 22:55:47.248" endtime="20210727 22:55:47.310"/>
</kw>
<kw name="Input Text" library="SeleniumLibrary">
<arg>${locator}</arg>
<arg>${text}</arg>
<arg>clear=True</arg>
<doc>Types the given ``text`` into the text field identified by ``locator``.</doc>
<msg timestamp="20210727 22:55:47.310" level="INFO">Typing text 'admin' into text field 'id=usernameOrEmailAddress'.</msg>
<status status="PASS" starttime="20210727 22:55:47.310" endtime="20210727 22:55:47.476"/>
</kw>
<status status="PASS" starttime="20210727 22:55:47.248" endtime="20210727 22:55:47.476"/>
</kw>
<kw name="Common - Input text to element" library="Common_Keywords">
<arg>${password_locator}</arg>
<arg>${password}</arg>
<doc>Types the given text into the text field identified by locator.</doc>
<kw name="Wait Until Element Is Visible" library="SeleniumLibrary">
<arg>${locator}</arg>
<arg>${TIMEOUT}</arg>
<doc>Waits until the element ``locator`` is visible.</doc>
<status status="PASS" starttime="20210727 22:55:47.484" endtime="20210727 22:55:47.524"/>
</kw>
<kw name="Input Text" library="SeleniumLibrary">
<arg>${locator}</arg>
<arg>${text}</arg>
<arg>clear=True</arg>
<doc>Types the given ``text`` into the text field identified by ``locator``.</doc>
<msg timestamp="20210727 22:55:47.524" level="INFO">Typing text '123qwE' into text field 'id=Password'.</msg>
<status status="PASS" starttime="20210727 22:55:47.524" endtime="20210727 22:55:47.681"/>
</kw>
<status status="PASS" starttime="20210727 22:55:47.476" endtime="20210727 22:55:47.681"/>
</kw>
<kw name="Common - Click on a button" library="Common_Keywords">
<arg>${btn_login_locator}</arg>
<doc>Clicks the button identified by locator.</doc>
<kw name="Wait Until Element Is Visible" library="SeleniumLibrary">
<arg>${locator}</arg>
<arg>${TIMEOUT}</arg>
<doc>Waits until the element ``locator`` is visible.</doc>
<status status="PASS" starttime="20210727 22:55:47.681" endtime="20210727 22:55:47.713"/>
</kw>
<kw name="Click Button" library="SeleniumLibrary">
<arg>${locator}</arg>
<arg>${modifier}</arg>
<doc>Clicks the button identified by ``locator``.</doc>
<msg timestamp="20210727 22:55:47.713" level="INFO">Clicking ['button', 'input'] 'id=LoginButton' with NULL.</msg>
<status status="PASS" starttime="20210727 22:55:47.713" endtime="20210727 22:55:52.304"/>
</kw>
<status status="PASS" starttime="20210727 22:55:47.681" endtime="20210727 22:55:52.304"/>
</kw>
<kw name="Verify the user logins to the Admin page successfully" library="Login_Keywords">
<kw name="Common - Get the title on the current page" library="Common_Keywords">
<var>${title_current_page}</var>
<arg>${user_icon_locator}</arg>
<doc>Returns the title of the current page.</doc>
<kw name="Wait Until Element Is Visible" library="SeleniumLibrary">
<arg>${locator}</arg>
<arg>${TIMEOUT}</arg>
<doc>Waits until the element ``locator`` is visible.</doc>
<status status="PASS" starttime="20210727 22:55:52.304" endtime="20210727 22:55:55.959"/>
</kw>
<kw name="Get Title" library="SeleniumLibrary">
<var>${get_title_current_page}</var>
<doc>Returns the title of the current page.</doc>
<msg timestamp="20210727 22:55:55.967" level="INFO">${get_title_current_page} = S2Retail</msg>
<status status="PASS" starttime="20210727 22:55:55.959" endtime="20210727 22:55:55.967"/>
</kw>
<msg timestamp="20210727 22:55:55.967" level="INFO">${title_current_page} = S2Retail</msg>
<status status="PASS" starttime="20210727 22:55:52.304" endtime="20210727 22:55:55.967"/>
</kw>
<kw name="Should Be Equal" library="BuiltIn">
<arg>${TITLE}</arg>
<arg>${title_current_page}</arg>
<doc>Fails if the given objects are unequal.</doc>
<status status="PASS" starttime="20210727 22:55:55.967" endtime="20210727 22:55:55.967"/>
</kw>
<status status="PASS" starttime="20210727 22:55:52.304" endtime="20210727 22:55:55.967"/>
</kw>
<status status="PASS" starttime="20210727 22:55:47.248" endtime="20210727 22:55:55.967"/>
</kw>
<status status="PASS" starttime="20210727 22:55:40.680" endtime="20210727 22:55:55.967"/>
</kw>
<kw name="Menu - Click on the Items Management menu" library="Menu_Keywords">
<kw name="Common - Wait until the loading icon loads successfully" library="Common_Keywords">
<arg>${loader_icon_locator}</arg>
<doc>The loading icon loads when the user navigates to another page. This keyword will check the loading icon that loaded successfully.</doc>
<kw name="Wait Until Page Contains Element" library="SeleniumLibrary">
<arg>${locator}</arg>
<arg>${TIMEOUT}</arg>
<doc>Waits until the element ``locator`` appears on the current page.</doc>
<status status="PASS" starttime="20210727 22:55:55.967" endtime="20210727 22:55:57.751"/>
</kw>
<status status="PASS" starttime="20210727 22:55:55.967" endtime="20210727 22:55:57.751"/>
</kw>
<kw name="Common - Click on an element" library="Common_Keywords">
<arg>${homepage_menu_items_management}</arg>
<doc>Click the element identified by locator.</doc>
<kw name="Wait Until Element Is Visible" library="SeleniumLibrary">
<arg>${locator}</arg>
<arg>${TIMEOUT}</arg>
<doc>Waits until the element ``locator`` is visible.</doc>
<status status="PASS" starttime="20210727 22:55:57.751" endtime="20210727 22:55:57.799"/>
</kw>
<kw name="Click Element" library="SeleniumLibrary">
<arg>${locator}</arg>
<arg>${modifier}</arg>
<arg>${action_chain}</arg>
<doc>Click the element identified by ``locator``.</doc>
<msg timestamp="20210727 22:55:57.799" level="INFO">Clicking element 'Xpath=//span[contains(text(),'Quản Lý Sản Phẩm')]' with NULL.</msg>
<status status="PASS" starttime="20210727 22:55:57.799" endtime="20210727 22:55:58.679"/>
</kw>
<status status="PASS" starttime="20210727 22:55:57.751" endtime="20210727 22:55:58.679"/>
</kw>
<status status="PASS" starttime="20210727 22:55:55.967" endtime="20210727 22:55:58.679"/>
</kw>
<kw name="Navigate To Products Page And Verify The Products Page Appears" library="Products_Keywords">
<kw name="Menu - Click on the Items menu" library="Menu_Keywords">
<kw name="Common - Click on an element" library="Common_Keywords">
<arg>${homepage_menu_items}</arg>
<doc>Click the element identified by locator.</doc>
<kw name="Wait Until Element Is Visible" library="SeleniumLibrary">
<arg>${locator}</arg>
<arg>${TIMEOUT}</arg>
<doc>Waits until the element ``locator`` is visible.</doc>
<status status="PASS" starttime="20210727 22:55:58.679" endtime="20210727 22:55:58.767"/>
</kw>
<kw name="Click Element" library="SeleniumLibrary">
<arg>${locator}</arg>
<arg>${modifier}</arg>
<arg>${action_chain}</arg>
<doc>Click the element identified by ``locator``.</doc>
<msg timestamp="20210727 22:55:58.767" level="INFO">Clicking element 'Xpath=//a[@data-url='san-pham']' with NULL.</msg>
<status status="PASS" starttime="20210727 22:55:58.767" endtime="20210727 22:56:03.412"/>
</kw>
<status status="PASS" starttime="20210727 22:55:58.679" endtime="20210727 22:56:03.412"/>
</kw>
<kw name="Verify navigate to the Items list successfully" library="Menu_Keywords">
<kw name="Common - Wait until the loading icon loads successfully" library="Common_Keywords">
<arg>${loader_icon_locator}</arg>
<doc>The loading icon loads when the user navigates to another page. This keyword will check the loading icon that loaded successfully.</doc>
<kw name="Wait Until Page Contains Element" library="SeleniumLibrary">
<arg>${locator}</arg>
<arg>${TIMEOUT}</arg>
<doc>Waits until the element ``locator`` appears on the current page.</doc>
<status status="PASS" starttime="20210727 22:56:03.412" endtime="20210727 22:56:03.436"/>
</kw>
<status status="PASS" starttime="20210727 22:56:03.412" endtime="20210727 22:56:03.436"/>
</kw>
<kw name="Common - Get text an element" library="Common_Keywords">
<var>${get_items_list_title}</var>
<arg>${homepage_list_title}</arg>
<doc>Returns the text value of the element identified by locator.</doc>
<kw name="Wait Until Element Is Visible" library="SeleniumLibrary">
<arg>${locator}</arg>
<arg>${TIMEOUT}</arg>
<doc>Waits until the element ``locator`` is visible.</doc>
<status status="PASS" starttime="20210727 22:56:03.436" endtime="20210727 22:56:03.477"/>
</kw>
<kw name="Get Text" library="SeleniumLibrary">
<var>${get_text_element}</var>
<arg>${locator}</arg>
<doc>Returns the text value of the element identified by ``locator``.</doc>
<msg timestamp="20210727 22:56:03.512" level="INFO">${get_text_element} = SẢN PHẨM</msg>
<status status="PASS" starttime="20210727 22:56:03.477" endtime="20210727 22:56:03.512"/>
</kw>
<msg timestamp="20210727 22:56:03.512" level="INFO">${get_items_list_title} = SẢN PHẨM</msg>
<status status="PASS" starttime="20210727 22:56:03.436" endtime="20210727 22:56:03.512"/>
</kw>
<kw name="Should Be Equal" library="BuiltIn">
<arg>${get_items_list_title}</arg>
<arg>${items_list_title}</arg>
<doc>Fails if the given objects are unequal.</doc>
<status status="PASS" starttime="20210727 22:56:03.512" endtime="20210727 22:56:03.512"/>
</kw>
<status status="PASS" starttime="20210727 22:56:03.412" endtime="20210727 22:56:03.512"/>
</kw>
<status status="PASS" starttime="20210727 22:55:58.679" endtime="20210727 22:56:03.512"/>
</kw>
<kw name="Wait Until Page Contains Element" library="SeleniumLibrary">
<arg>${products_tle_grid_item}</arg>
<arg>${TIMEOUT}</arg>
<doc>Waits until the element ``locator`` appears on the current page.</doc>
<status status="PASS" starttime="20210727 22:56:03.512" endtime="20210727 22:56:03.528"/>
</kw>
<status status="PASS" starttime="20210727 22:55:58.679" endtime="20210727 22:56:03.528"/>
</kw>
<kw name="Open the item class pop-up and choose the item class" library="Products_Keywords">
<arg>${23679.data_tle_popup_choose_class}</arg>
<arg>${23679.products_chk_ItemNormal}</arg>
<kw name="Click On Create Button to open the item class pop-up" library="Products_Keywords">
<kw name="Common - Click on an element" library="Common_Keywords">
<arg>${products_btn_Create}</arg>
<doc>Click the element identified by locator.</doc>
<kw name="Wait Until Element Is Visible" library="SeleniumLibrary">
<arg>${locator}</arg>
<arg>${TIMEOUT}</arg>
<doc>Waits until the element ``locator`` is visible.</doc>
<status status="PASS" starttime="20210727 22:56:03.544" endtime="20210727 22:56:03.576"/>
</kw>
<kw name="Click Element" library="SeleniumLibrary">
<arg>${locator}</arg>
<arg>${modifier}</arg>
<arg>${action_chain}</arg>
<doc>Click the element identified by ``locator``.</doc>
<msg timestamp="20210727 22:56:03.576" level="INFO">Clicking element 'id=btnCreateItem' with NULL.</msg>
<status status="PASS" starttime="20210727 22:56:03.576" endtime="20210727 22:56:03.922"/>
</kw>
<status status="PASS" starttime="20210727 22:56:03.544" endtime="20210727 22:56:03.922"/>
</kw>
<status status="PASS" starttime="20210727 22:56:03.544" endtime="20210727 22:56:03.922"/>
</kw>
<kw name="Verify The item class Pop-Up Appears successfully" library="Products_Keywords">
<arg>${data_tle_popup_choose_type}</arg>
<kw name="Common - Get text an element" library="Common_Keywords">
<var>${Pop_Up_Title}</var>
<arg>${products_PopUp_ProductType}</arg>
<doc>Returns the text value of the element identified by locator.</doc>
<kw name="Wait Until Element Is Visible" library="SeleniumLibrary">
<arg>${locator}</arg>
<arg>${TIMEOUT}</arg>
<doc>Waits until the element ``locator`` is visible.</doc>
<status status="PASS" starttime="20210727 22:56:03.922" endtime="20210727 22:56:03.974"/>
</kw>
<kw name="Get Text" library="SeleniumLibrary">
<var>${get_text_element}</var>
<arg>${locator}</arg>
<doc>Returns the text value of the element identified by ``locator``.</doc>
<msg timestamp="20210727 22:56:04.022" level="INFO">${get_text_element} = CHỌN LOẠI SẢN PHẨM</msg>
<status status="PASS" starttime="20210727 22:56:03.974" endtime="20210727 22:56:04.022"/>
</kw>
<msg timestamp="20210727 22:56:04.022" level="INFO">${Pop_Up_Title} = CHỌN LOẠI SẢN PHẨM</msg>
<status status="PASS" starttime="20210727 22:56:03.922" endtime="20210727 22:56:04.022"/>
</kw>
<kw name="Should Be Equal" library="BuiltIn">
<arg>${data_tle_popup_choose_type}</arg>
<arg>${Pop_Up_Title}</arg>
<doc>Fails if the given objects are unequal.</doc>
<status status="PASS" starttime="20210727 22:56:04.022" endtime="20210727 22:56:04.022"/>
</kw>
<status status="PASS" starttime="20210727 22:56:03.922" endtime="20210727 22:56:04.022"/>
</kw>
<kw name="Choose the item class for new item" library="Products_Keywords">
<arg>${item_class}</arg>
<kw name="Wait Until Page Contains Element" library="SeleniumLibrary">
<arg>${products_PopUp_ProductType}</arg>
<arg>${TIMEOUT}</arg>
<doc>Waits until the element ``locator`` appears on the current page.</doc>
<status status="PASS" starttime="20210727 22:56:04.022" endtime="20210727 22:56:04.094"/>
</kw>
<kw name="Wait Until Page Contains Element" library="SeleniumLibrary">
<arg>${item_class}</arg>
<arg>${TIMEOUT}</arg>
<doc>Waits until the element ``locator`` appears on the current page.</doc>
<status status="PASS" starttime="20210727 22:56:04.094" endtime="20210727 22:56:04.553"/>
</kw>
<kw name="Common - Click on an element" library="Common_Keywords">
<arg>${item_class}</arg>
<doc>Click the element identified by locator.</doc>
<kw name="Wait Until Element Is Visible" library="SeleniumLibrary">
<arg>${locator}</arg>
<arg>${TIMEOUT}</arg>
<doc>Waits until the element ``locator`` is visible.</doc>
<status status="PASS" starttime="20210727 22:56:04.553" endtime="20210727 22:56:04.577"/>
</kw>
<kw name="Click Element" library="SeleniumLibrary">
<arg>${locator}</arg>
<arg>${modifier}</arg>
<arg>${action_chain}</arg>
<doc>Click the element identified by ``locator``.</doc>
<msg timestamp="20210727 22:56:04.577" level="INFO">Clicking element 'id=ItemClass_Normal' with NULL.</msg>
<status status="PASS" starttime="20210727 22:56:04.577" endtime="20210727 22:56:04.862"/>
</kw>
<status status="PASS" starttime="20210727 22:56:04.553" endtime="20210727 22:56:04.862"/>
</kw>
<status status="PASS" starttime="20210727 22:56:04.022" endtime="20210727 22:56:04.862"/>
</kw>
<status status="PASS" starttime="20210727 22:56:03.528" endtime="20210727 22:56:04.862"/>
</kw>
<kw name="Click On Create Product Button For Navigate To Create Product Page" library="Products_Keywords">
<kw name="Common - Click on an element" library="Common_Keywords">
<arg>${products_btn_ItemClass}</arg>
<doc>Click the element identified by locator.</doc>
<kw name="Wait Until Element Is Visible" library="SeleniumLibrary">
<arg>${locator}</arg>
<arg>${TIMEOUT}</arg>
<doc>Waits until the element ``locator`` is visible.</doc>
<status status="PASS" starttime="20210727 22:56:04.862" endtime="20210727 22:56:04.902"/>
</kw>
<kw name="Click Element" library="SeleniumLibrary">
<arg>${locator}</arg>
<arg>${modifier}</arg>
<arg>${action_chain}</arg>
<doc>Click the element identified by ``locator``.</doc>
<msg timestamp="20210727 22:56:04.902" level="INFO">Clicking element 'id=btnItemClass' with NULL.</msg>
<status status="PASS" starttime="20210727 22:56:04.902" endtime="20210727 22:56:08.038"/>
</kw>
<status status="PASS" starttime="20210727 22:56:04.862" endtime="20210727 22:56:08.038"/>
</kw>
<kw name="Common - Wait until the loading icon loads successfully" library="Common_Keywords">
<arg>${loader_icon_locator}</arg>
<doc>The loading icon loads when the user navigates to another page. This keyword will check the loading icon that loaded successfully.</doc>
<kw name="Wait Until Page Contains Element" library="SeleniumLibrary">
<arg>${locator}</arg>
<arg>${TIMEOUT}</arg>
<doc>Waits until the element ``locator`` appears on the current page.</doc>
<kw name="Capture Page Screenshot" library="SeleniumLibrary">
<doc>Takes a screenshot of the current page and embeds it into a log file.</doc>
<msg timestamp="20210727 22:56:08.198" level="FAIL">NoSuchWindowException: Message: no such window: target window already closed
from unknown error: web view not found
  (Session info: chrome=92.0.4515.107)
</msg>
<status status="FAIL" starttime="20210727 22:56:08.054" endtime="20210727 22:56:08.198"/>
</kw>
<msg timestamp="20210727 22:56:08.198" level="WARN">Keyword 'Capture Page Screenshot' could not be run on failure: NoSuchWindowException: Message: no such window: target window already closed
from unknown error: web view not found
  (Session info: chrome=92.0.4515.107)
</msg>
<msg timestamp="20210727 22:56:08.247" level="FAIL">NoSuchWindowException: Message: no such window: target window already closed
from unknown error: web view not found
  (Session info: chrome=92.0.4515.107)
</msg>
<status status="FAIL" starttime="20210727 22:56:08.038" endtime="20210727 22:56:08.247"/>
</kw>
<status status="FAIL" starttime="20210727 22:56:08.038" endtime="20210727 22:56:08.247"/>
</kw>
<status status="FAIL" starttime="20210727 22:56:04.862" endtime="20210727 22:56:08.247"/>
</kw>
<kw name="Verify The Create Product Page Appear successfully" library="Products_Keywords">
<arg>${23679.data_tle_create}</arg>
<status status="NOT RUN" starttime="20210727 22:56:08.247" endtime="20210727 22:56:08.247"/>
</kw>
<kw name="Input item type for the item" library="Products_Keywords">
<arg>${23679.data_type_standar}</arg>
<status status="NOT RUN" starttime="20210727 22:56:08.247" endtime="20210727 22:56:08.247"/>
</kw>
<kw name="Input code for the standar item" library="Products_Keywords">
<var>${item_code}</var>
<status status="NOT RUN" starttime="20210727 22:56:08.247" endtime="20210727 22:56:08.247"/>
</kw>
<kw name="Input Name for the item" library="Products_Keywords">
<status status="NOT RUN" starttime="20210727 22:56:08.247" endtime="20210727 22:56:08.247"/>
</kw>
<kw name="Input tax For the item" library="Products_Keywords">
<arg>${23679.data_tax_VAT}</arg>
<status status="NOT RUN" starttime="20210727 22:56:08.247" endtime="20210727 22:56:08.247"/>
</kw>
<kw name="Navigate to PRICE AND COST tab" library="Products_Keywords">
<status status="NOT RUN" starttime="20210727 22:56:08.247" endtime="20210727 22:56:08.247"/>
</kw>
<kw name="Verify The PRICE AND COST tab appear successfully" library="Products_Keywords">
<arg>${23679.data_tle_price_and_cost}</arg>
<status status="NOT RUN" starttime="20210727 22:56:08.247" endtime="20210727 22:56:08.247"/>
</kw>
<kw name="Input unit for the item" library="Products_Keywords">
<arg>${23679.data_unit}</arg>
<status status="NOT RUN" starttime="20210727 22:56:08.247" endtime="20210727 22:56:08.247"/>
</kw>
<kw name="Input Cost for the item" library="Products_Keywords">
<status status="NOT RUN" starttime="20210727 22:56:08.247" endtime="20210727 22:56:08.247"/>
</kw>
<kw name="Input Price for the item" library="Products_Keywords">
<status status="NOT RUN" starttime="20210727 22:56:08.247" endtime="20210727 22:56:08.247"/>
</kw>
<kw name="Click on save button to create a product" library="Products_Keywords">
<status status="NOT RUN" starttime="20210727 22:56:08.247" endtime="20210727 22:56:08.247"/>
</kw>
<kw name="Verify data of standar products" library="Products_Keywords">
<arg>${item_code}</arg>
<status status="NOT RUN" starttime="20210727 22:56:08.263" endtime="20210727 22:56:08.263"/>
</kw>
<kw name="Remove item After Create Product Successfully" library="Products_Keywords">
<arg>${item_code}</arg>
<status status="NOT RUN" starttime="20210727 22:56:08.263" endtime="20210727 22:56:08.263"/>
</kw>
<kw name="Run Keywords" library="BuiltIn" type="TEARDOWN">
<arg>Close All Browsers</arg>
<doc>Executes all the given keywords in a sequence.</doc>
<kw name="Close All Browsers" library="Login_Keywords">
<kw name="Close Browser" library="SeleniumLibrary">
<doc>Closes the current browser.</doc>
<status status="PASS" starttime="20210727 22:56:08.263" endtime="20210727 22:56:10.444"/>
</kw>
<status status="PASS" starttime="20210727 22:56:08.263" endtime="20210727 22:56:10.444"/>
</kw>
<status status="PASS" starttime="20210727 22:56:08.263" endtime="20210727 22:56:10.444"/>
</kw>
<tag>23679</tag>
<status status="FAIL" starttime="20210727 22:55:40.680" endtime="20210727 22:56:10.444">NoSuchWindowException: Message: no such window: target window already closed
from unknown error: web view not found
  (Session info: chrome=92.0.4515.107)
</status>
</test>
<test id="s1-t2" name="23680_Create a standar product successfully when filling all fields">
<kw name="Run Keywords" library="BuiltIn" type="SETUP">
<arg>Open the browser and go to the admin page</arg>
<arg>${URL}</arg>
<arg>${BROWSER}</arg>
<arg>AND</arg>
<arg>The user logins to the system</arg>
<arg>${USER_TENANT}</arg>
<arg>${PASSWORD}</arg>
<doc>Executes all the given keywords in a sequence.</doc>
<kw name="Open the browser and go to the admin page" library="Login_Keywords">
<arg>${URL}</arg>
<arg>${BROWSER}</arg>
<kw name="Open Browser" library="SeleniumLibrary">
<arg>${url}</arg>
<arg>${browser.lower()}</arg>
<doc>Opens a new browser instance to the optional ``url``.</doc>
<msg timestamp="20210727 22:56:10.459" level="INFO">Opening browser 'chrome' to base url 'https://pc.s2retail.online/Account/Login'.</msg>
<kw name="Capture Page Screenshot" library="SeleniumLibrary">
<doc>Takes a screenshot of the current page and embeds it into a log file.</doc>
<msg timestamp="20210727 22:56:25.103" level="FAIL">WebDriverException: Message: chrome not reachable
  (Session info: chrome=92.0.4515.107)
</msg>
<status status="FAIL" starttime="20210727 22:56:12.840" endtime="20210727 22:56:25.103"/>
</kw>
<msg timestamp="20210727 22:56:25.103" level="WARN">Keyword 'Capture Page Screenshot' could not be run on failure: WebDriverException: Message: chrome not reachable
  (Session info: chrome=92.0.4515.107)
</msg>
<msg timestamp="20210727 22:56:25.103" level="FAIL">WebDriverException: Message: unknown error: cannot determine loading status
from disconnected: received Inspector.detached event
  (Session info: chrome=92.0.4515.107)
</msg>
<status status="FAIL" starttime="20210727 22:56:10.444" endtime="20210727 22:56:25.103"/>
</kw>
<kw name="Set Selenium Speed" library="SeleniumLibrary">
<arg>${SELENIUM_SPEED}</arg>
<doc>Sets the delay that is waited after each Selenium command.</doc>
<status status="NOT RUN" starttime="20210727 22:56:25.103" endtime="20210727 22:56:25.103"/>
</kw>
<kw name="Maximize Browser Window" library="SeleniumLibrary">
<doc>Maximizes current browser window.</doc>
<status status="NOT RUN" starttime="20210727 22:56:25.103" endtime="20210727 22:56:25.103"/>
</kw>
<kw name="Get Title" library="SeleniumLibrary">
<var>${current_title}</var>
<doc>Returns the title of the current page.</doc>
<status status="NOT RUN" starttime="20210727 22:56:25.103" endtime="20210727 22:56:25.103"/>
</kw>
<kw name="Should Be Equal" library="BuiltIn">
<arg>${TITLE}</arg>
<arg>${current_title}</arg>
<doc>Fails if the given objects are unequal.</doc>
<status status="NOT RUN" starttime="20210727 22:56:25.103" endtime="20210727 22:56:25.103"/>
</kw>
<status status="FAIL" starttime="20210727 22:56:10.444" endtime="20210727 22:56:25.103"/>
</kw>
<status status="FAIL" starttime="20210727 22:56:10.444" endtime="20210727 22:56:25.103"/>
</kw>
<kw name="Run Keywords" library="BuiltIn" type="TEARDOWN">
<arg>Close All Browsers</arg>
<doc>Executes all the given keywords in a sequence.</doc>
<kw name="Close All Browsers" library="Login_Keywords">
<kw name="Close Browser" library="SeleniumLibrary">
<doc>Closes the current browser.</doc>
<status status="PASS" starttime="20210727 22:56:25.103" endtime="20210727 22:56:27.177"/>
</kw>
<status status="PASS" starttime="20210727 22:56:25.103" endtime="20210727 22:56:27.177"/>
</kw>
<status status="PASS" starttime="20210727 22:56:25.103" endtime="20210727 22:56:27.177"/>
</kw>
<tag>23680</tag>
<status status="FAIL" starttime="20210727 22:56:10.444" endtime="20210727 22:56:27.177">Setup failed:
WebDriverException: Message: unknown error: cannot determine loading status
from disconnected: received Inspector.detached event
  (Session info: chrome=92.0.4515.107)
</status>
</test>
<test id="s1-t3" name="13880_Create a serial item successfully with the &quot;Serial number 1&quot; property">
<kw name="Run Keywords" library="BuiltIn" type="SETUP">
<arg>Open the browser and go to the admin page</arg>
<arg>${URL}</arg>
<arg>${BROWSER}</arg>
<arg>AND</arg>
<arg>The user logins to the system</arg>
<arg>${USER_TENANT}</arg>
<arg>${PASSWORD}</arg>
<doc>Executes all the given keywords in a sequence.</doc>
<kw name="Open the browser and go to the admin page" library="Login_Keywords">
<arg>${URL}</arg>
<arg>${BROWSER}</arg>
<kw name="Open Browser" library="SeleniumLibrary">
<arg>${url}</arg>
<arg>${browser.lower()}</arg>
<doc>Opens a new browser instance to the optional ``url``.</doc>
<msg timestamp="20210727 22:56:27.177" level="INFO">Opening browser 'chrome' to base url 'https://pc.s2retail.online/Account/Login'.</msg>
<status status="PASS" starttime="20210727 22:56:27.177" endtime="20210727 22:56:29.740"/>
</kw>
<kw name="Set Selenium Speed" library="SeleniumLibrary">
<arg>${SELENIUM_SPEED}</arg>
<doc>Sets the delay that is waited after each Selenium command.</doc>
<status status="PASS" starttime="20210727 22:56:29.740" endtime="20210727 22:56:29.740"/>
</kw>
<kw name="Maximize Browser Window" library="SeleniumLibrary">
<doc>Maximizes current browser window.</doc>
<kw name="Capture Page Screenshot" library="SeleniumLibrary">
<doc>Takes a screenshot of the current page and embeds it into a log file.</doc>
<msg timestamp="20210727 22:56:29.756" level="FAIL">NoSuchWindowException: Message: no such window: target window already closed
from unknown error: web view not found
  (Session info: chrome=92.0.4515.107)
</msg>
<status status="FAIL" starttime="20210727 22:56:29.756" endtime="20210727 22:56:29.756"/>
</kw>
<msg timestamp="20210727 22:56:29.756" level="WARN">Keyword 'Capture Page Screenshot' could not be run on failure: NoSuchWindowException: Message: no such window: target window already closed
from unknown error: web view not found
  (Session info: chrome=92.0.4515.107)
</msg>
<msg timestamp="20210727 22:56:29.787" level="FAIL">NoSuchWindowException: Message: no such window: target window already closed
from unknown error: web view not found
  (Session info: chrome=92.0.4515.107)
</msg>
<status status="FAIL" starttime="20210727 22:56:29.740" endtime="20210727 22:56:29.787"/>
</kw>
<kw name="Get Title" library="SeleniumLibrary">
<var>${current_title}</var>
<doc>Returns the title of the current page.</doc>
<status status="NOT RUN" starttime="20210727 22:56:29.787" endtime="20210727 22:56:29.787"/>
</kw>
<kw name="Should Be Equal" library="BuiltIn">
<arg>${TITLE}</arg>
<arg>${current_title}</arg>
<doc>Fails if the given objects are unequal.</doc>
<status status="NOT RUN" starttime="20210727 22:56:29.787" endtime="20210727 22:56:29.787"/>
</kw>
<status status="FAIL" starttime="20210727 22:56:27.177" endtime="20210727 22:56:29.787"/>
</kw>
<status status="FAIL" starttime="20210727 22:56:27.177" endtime="20210727 22:56:29.787"/>
</kw>
<kw name="Run Keywords" library="BuiltIn" type="TEARDOWN">
<arg>Close All Browsers</arg>
<doc>Executes all the given keywords in a sequence.</doc>
<kw name="Close All Browsers" library="Login_Keywords">
<kw name="Close Browser" library="SeleniumLibrary">
<doc>Closes the current browser.</doc>
<status status="PASS" starttime="20210727 22:56:29.787" endtime="20210727 22:56:32.006"/>
</kw>
<status status="PASS" starttime="20210727 22:56:29.787" endtime="20210727 22:56:32.006"/>
</kw>
<status status="PASS" starttime="20210727 22:56:29.787" endtime="20210727 22:56:32.006"/>
</kw>
<tag>13880</tag>
<status status="FAIL" starttime="20210727 22:56:27.177" endtime="20210727 22:56:32.006">Setup failed:
NoSuchWindowException: Message: no such window: target window already closed
from unknown error: web view not found
  (Session info: chrome=92.0.4515.107)
</status>
</test>
<test id="s1-t4" name="13875_Create a serial item successfully with &quot;Serial number 1&quot; and &quot;Serial number 2&quot; properties">
<kw name="Run Keywords" library="BuiltIn" type="SETUP">
<arg>Open the browser and go to the admin page</arg>
<arg>${URL}</arg>
<arg>${BROWSER}</arg>
<arg>AND</arg>
<arg>The user logins to the system</arg>
<arg>${USER_TENANT}</arg>
<arg>${PASSWORD}</arg>
<doc>Executes all the given keywords in a sequence.</doc>
<kw name="Open the browser and go to the admin page" library="Login_Keywords">
<arg>${URL}</arg>
<arg>${BROWSER}</arg>
<kw name="Open Browser" library="SeleniumLibrary">
<arg>${url}</arg>
<arg>${browser.lower()}</arg>
<doc>Opens a new browser instance to the optional ``url``.</doc>
<msg timestamp="20210727 22:56:32.037" level="INFO">Opening browser 'chrome' to base url 'https://pc.s2retail.online/Account/Login'.</msg>
<kw name="Capture Page Screenshot" library="SeleniumLibrary">
<doc>Takes a screenshot of the current page and embeds it into a log file.</doc>
<msg timestamp="20210727 22:56:38.258" level="FAIL">WebDriverException: Message: chrome not reachable
  (Session info: chrome=92.0.4515.107)
</msg>
<status status="FAIL" starttime="20210727 22:56:34.134" endtime="20210727 22:56:38.258"/>
</kw>
<msg timestamp="20210727 22:56:38.258" level="WARN">Keyword 'Capture Page Screenshot' could not be run on failure: WebDriverException: Message: chrome not reachable
  (Session info: chrome=92.0.4515.107)
</msg>
<msg timestamp="20210727 22:56:38.258" level="FAIL">WebDriverException: Message: unknown error: cannot determine loading status
from disconnected: received Inspector.detached event
  (Session info: chrome=92.0.4515.107)
